2018-7-13 >> retweeted based on search query: "chinese wisdom"
2018-7-13 >> retweeted based on search query: "jamaican proverbs"
2018-7-13 >> retweeted based on search query: "hindu proverb"
2018-7-13 >> retweeted based on search query: "west indian proverb"
2018-7-13 >> retweeted based on search query: "biblical teacher"
Sat Jul 14 2018 12:03:40 GMT-0400 (EDT) >> retweeted based on search query: "hindu philosophy"
Sat Jul 14 2018 12:06:16 GMT-0400 (EDT) >> retweeted based on search query: "muslim teacher"
Sat Jul 14 2018 12:06:47 GMT-0400 (EDT) >> retweeted based on search query: "south african scientists"
Sat Jul 14 2018 12:07:10 GMT-0400 (EDT) >> retweeted based on search query: "chinese beliefs"
Sat Jul 14 2018 12:07:26 GMT-0400 (EDT) >> retweeted based on search query: "tao truth"
Sat Jul 14 2018 12:07:33 GMT-0400 (EDT) >> retweeted based on search query: "native american teacher"
Sat Jul 14 2018 12:07:57 GMT-0400 (EDT) >> retweeted based on search query: "GOD intellectual"
Sat Jul 14 2018 12:08:59 GMT-0400 (EDT) >> retweeted based on search query: "ugandan priest"
Sat Jul 14 2018 12:11:11 GMT-0400 (EDT) >> retweeted based on search query: "kabbalah priest"
Sat Jul 14 2018 12:11:35 GMT-0400 (EDT) >> retweeted based on search query: "rastafarian philosopher"
Sat Jul 14 2018 12:11:43 GMT-0400 (EDT) >> retweeted based on search query: "Jesus thought"
Sat Jul 14 2018 12:12:14 GMT-0400 (EDT) >> retweeted based on search query: "quantum teachers"
Sat Jul 14 2018 12:14:42 GMT-0400 (EDT) >> retweeted based on search query: "african teaching"
Sat Jul 14 2018 12:14:57 GMT-0400 (EDT) >> retweeted based on search query: "bible philosophers"
Sat Jul 14 2018 12:15:28 GMT-0400 (EDT) >> retweeted based on search query: "quantum monk"
Sat Jul 14 2018 12:16:38 GMT-0400 (EDT) >> retweeted based on search query: "bible proverbs"
Sat Jul 14 2018 12:17:25 GMT-0400 (EDT) >> retweeted based on search query: "black proverb"
Sat Jul 14 2018 12:17:56 GMT-0400 (EDT) >> retweeted based on search query: "kung fu philosophy"
Sat Jul 14 2018 12:18:12 GMT-0400 (EDT) >> retweeted based on search query: "GOD proverbs"
Sat Jul 14 2018 12:18:27 GMT-0400 (EDT) >> retweeted based on search query: "tao shaman"
Sat Jul 14 2018 12:18:59 GMT-0400 (EDT) >> retweeted based on search query: "bible belief"
Sat Jul 14 2018 12:19:14 GMT-0400 (EDT) >> retweeted based on search query: "caribbean monk"
Sat Jul 14 2018 12:19:22 GMT-0400 (EDT) >> retweeted based on search query: "Jesus facts"
Sat Jul 14 2018 12:21:03 GMT-0400 (EDT) >> retweeted based on search query: "chinese science"
Sat Jul 14 2018 12:21:11 GMT-0400 (EDT) >> retweeted based on search query: "chinese philosopher"
Sat Jul 14 2018 12:21:26 GMT-0400 (EDT) >> retweeted based on search query: "yoruba teacher"
Sat Jul 14 2018 12:21:34 GMT-0400 (EDT) >> retweeted based on search query: "bible priest"
Tue Jul 17 2018 17:04:02 GMT-0400 (EDT) >> retweeted based on search query: "islam facts"
Tue Jul 17 2018 17:04:41 GMT-0400 (EDT) >> retweeted based on search query: "biblical theorists"
Tue Jul 17 2018 17:05:59 GMT-0400 (EDT) >> retweeted based on search query: "cherokee beliefs"
Tue Jul 17 2018 17:06:22 GMT-0400 (EDT) >> retweeted based on search query: "african facts"
Tue Jul 17 2018 17:06:30 GMT-0400 (EDT) >> retweeted based on search query: "mali theory"
Tue Jul 17 2018 17:06:38 GMT-0400 (EDT) >> retweeted based on search query: "christian science"
Tue Jul 17 2018 17:06:53 GMT-0400 (EDT) >> retweeted based on search query: "pan african science"
Tue Jul 17 2018 17:07:40 GMT-0400 (EDT) >> retweeted based on search query: "GOD guru"
Tue Jul 17 2018 17:08:19 GMT-0400 (EDT) >> retweeted based on search query: "voodoo priests"
Tue Jul 17 2018 17:11:10 GMT-0400 (EDT) >> retweeted based on search query: "black science"
Tue Jul 17 2018 17:11:18 GMT-0400 (EDT) >> retweeted based on search query: "kung fu teacher"
Tue Jul 17 2018 17:11:26 GMT-0400 (EDT) >> retweeted based on search query: "christian philosophers"
Tue Jul 17 2018 17:12:05 GMT-0400 (EDT) >> retweeted based on search query: "ancient wisdom"
Tue Jul 17 2018 17:12:36 GMT-0400 (EDT) >> retweeted based on search query: "chinese teacher"
Fri Jul 20 2018 18:12:49 GMT-0400 (EDT) >> retweeted based on search query: "japanese scientists"
Fri Jul 20 2018 18:12:52 GMT-0400 (EDT) >> retweeted based on search query: "chinese fact"
Fri Jul 20 2018 18:12:53 GMT-0400 (EDT) >> retweeted based on search query: "chinese proverb"
Fri Jul 20 2018 18:12:56 GMT-0400 (EDT) >> retweeted based on search query: "japanese scientist"
Fri Jul 20 2018 18:12:57 GMT-0400 (EDT) >> retweeted based on search query: "biblical teaching"
Fri Jul 20 2018 18:13:06 GMT-0400 (EDT) >> retweeted based on search query: "afrocentric theory"
Fri Jul 20 2018 18:13:07 GMT-0400 (EDT) >> retweeted based on search query: "nigerian thought"
Fri Jul 20 2018 18:13:07 GMT-0400 (EDT) >> retweeted based on search query: "chinese teachers"
Fri Jul 20 2018 18:13:09 GMT-0400 (EDT) >> retweeted based on search query: "japanese teacher"
Fri Jul 20 2018 18:13:11 GMT-0400 (EDT) >> retweeted based on search query: "tao teacher"
Fri Jul 20 2018 18:13:15 GMT-0400 (EDT) >> retweeted based on search query: "quantum guru"
Fri Jul 20 2018 18:13:16 GMT-0400 (EDT) >> retweeted based on search query: "gnostic philosophy"
Fri Jul 20 2018 18:13:17 GMT-0400 (EDT) >> retweeted based on search query: "african proverb"
Fri Jul 20 2018 18:13:21 GMT-0400 (EDT) >> retweeted based on search query: "yoruba teachers"
Fri Jul 20 2018 18:13:23 GMT-0400 (EDT) >> retweeted based on search query: "kenyan thinkers"
Fri Jul 20 2018 18:13:34 GMT-0400 (EDT) >> retweeted based on search query: "african american scientist"
Fri Jul 20 2018 18:13:35 GMT-0400 (EDT) >> retweeted based on search query: "Jesus theory"
Fri Jul 20 2018 18:13:36 GMT-0400 (EDT) >> retweeted based on search query: "Jesus belief"
Fri Jul 20 2018 18:13:38 GMT-0400 (EDT) >> retweeted based on search query: "caribbean teaching"
Fri Jul 20 2018 18:13:39 GMT-0400 (EDT) >> retweeted based on search query: "native american shamans"
Fri Jul 20 2018 18:27:30 GMT-0400 (EDT) >> retweeted based on search query: "metaphysical truth" >> @SMBWhitney Interesting that you should bring up spirals. It is deemed to be a metaphysical truth that time (and sp… https://t.co/FQsg9JdCTe
Fri Jul 20 2018 18:27:31 GMT-0400 (EDT) >> retweeted based on search query: "muslim scientists" >> RT @Finetraces786: Any Muslim scientists going to #ACSBoston know where they will go for Eid prayer near the convention center in the morni…
Fri Jul 20 2018 18:27:33 GMT-0400 (EDT) >> retweeted based on search query: "nubian scientists" >> I liked a @YouTube video https://t.co/IeH4BLPXj8 Brand Nubian - Scientists Of Sound (Prod. Grand Puba &amp; Lord Finesse)
Fri Jul 20 2018 18:29:43 GMT-0400 (EDT) >> retweeted based on search query: "chinese thinkers" >> “Intellectually my education in theology, literature and psychology paved a way for me to delve into existential th… https://t.co/IUkdXg43W3
Fri Jul 20 2018 18:29:44 GMT-0400 (EDT) >> retweeted based on search query: "ancient beliefs" >> New! Mythology of the America Nations : an illustrated encyclopedia of gods, heroes, spirits, sacred places, ritual… https://t.co/iIELJruPau
Fri Jul 20 2018 18:33:14 GMT-0400 (EDT) >> retweeted based on search query: "sumerian proverb" >> RT @DaytonPubPolicy: @ryrivard @josefcerda @OtayMark Control of water is control of civilization. Everything that touches it is always poli…
Fri Jul 20 2018 18:33:15 GMT-0400 (EDT) >> retweeted based on search query: "caribbean facts" >> #WestToWestKitchen 🇸🇱🇹🇹🇯🇲  #Salone #SierraLeone #WestAfrica #WestisBest #Trinidad #Tobago #Jamaica #Jamrock #Africa… https://t.co/iIhOHJBf81
Fri Jul 20 2018 18:33:18 GMT-0400 (EDT) >> retweeted based on search query: "bible priests" >> @ratisbonejr @MCITLFrAphorism @nytimes The National Catholic Register is reliable. The Catholic Church reports abus… https://t.co/5ITJpXfHge
Fri Jul 20 2018 19:17:18 GMT-0400 (EDT) >> retweeted based on search query: "kemetic priest" >> @LammaticHama I just think that they should have a Kemetic priest officiate during the opening.
But, otoh, I, a: WA… https://t.co/UfEWEv3lUh
Fri Jul 20 2018 20:22:57 GMT-0400 (EDT) >> retweeted based on search query: "taoist monk" >> RT @jackiemopsy: But an unusual man like harimao required an equally unusual man to convince him - this man was Colonel Kamoto, a Taoist mo…
