2018-7-13 >> nothing to retweet for search query: "cameroon beliefs"
2018-7-13 >> nothing to retweet for search query: "hopi wisdom"
2018-7-13 >> nothing to retweet for search query: "rastafarian thinkers"
2018-7-13 >> nothing to retweet for search query: "shinnecock priest"
2018-7-13 >> nothing to retweet for search query: "quran philosophers"
2018-7-13 >> nothing to retweet for search query: "shaolin teacher"
2018-7-13 >> nothing to retweet for search query: "buddhist intellectuals"
2018-7-13 >> nothing to retweet for search query: "kenyan gurus"
2018-7-13 >> nothing to retweet for search query: "voodoo monk"
2018-7-13 >> nothing to retweet for search query: "hinduism intellectuals"
2018-7-13 >> nothing to retweet for search query: "pan africanist teachings"
2018-7-13 >> nothing to retweet for search query: "taino intellectual"
2018-7-13 >> nothing to retweet for search query: "metaphysical monk"
2018-7-13 >> nothing to retweet for search query: "chickasaw priest"
2018-7-13 >> nothing to retweet for search query: "buddhism fact"
2018-7-13 >> nothing to retweet for search query: "confucian thinker"
2018-7-13 >> nothing to retweet for search query: "bushido shaman"
2018-7-13 >> nothing to retweet for search query: "afrocentric philosopher"
2018-7-13 >> nothing to retweet for search query: "christian guru"
2018-7-13 >> nothing to retweet for search query: "carib philosophy"
2018-7-13 >> nothing to retweet for search query: "gospel proverb"
2018-7-13 >> nothing to retweet for search query: "taoism teachings"
2018-7-13 >> nothing to retweet for search query: "hopi truth"
2018-7-13 >> nothing to retweet for search query: "karate proverbs"
2018-7-13 >> nothing to retweet for search query: "taino wisdom"
Sat Jul 14 2018 12:03:17 GMT-0400 (EDT) >> nothing to retweet for search query: "kung fu intellectual"
Sat Jul 14 2018 12:03:24 GMT-0400 (EDT) >> nothing to retweet for search query: "voodoo teachers"
Sat Jul 14 2018 12:03:32 GMT-0400 (EDT) >> nothing to retweet for search query: "kemetic philosopher"
Sat Jul 14 2018 12:03:48 GMT-0400 (EDT) >> nothing to retweet for search query: "kung fu priests"
Sat Jul 14 2018 12:03:55 GMT-0400 (EDT) >> nothing to retweet for search query: "yoruban guru"
Sat Jul 14 2018 12:04:03 GMT-0400 (EDT) >> nothing to retweet for search query: "samurai shamans"
Sat Jul 14 2018 12:04:11 GMT-0400 (EDT) >> nothing to retweet for search query: "pohatan monks"
Sat Jul 14 2018 12:04:19 GMT-0400 (EDT) >> nothing to retweet for search query: "arawak philosophers"
Sat Jul 14 2018 12:04:27 GMT-0400 (EDT) >> nothing to retweet for search query: "afrocentric thinker"
Sat Jul 14 2018 12:04:34 GMT-0400 (EDT) >> nothing to retweet for search query: "zimbabwean shamans"
Sat Jul 14 2018 12:04:42 GMT-0400 (EDT) >> nothing to retweet for search query: "yoruba thinker"
Sat Jul 14 2018 12:04:50 GMT-0400 (EDT) >> nothing to retweet for search query: "caribbean philosopher"
Sat Jul 14 2018 12:04:58 GMT-0400 (EDT) >> nothing to retweet for search query: "voodou teaching"
Sat Jul 14 2018 12:05:06 GMT-0400 (EDT) >> nothing to retweet for search query: "arawak priests"
Sat Jul 14 2018 12:05:13 GMT-0400 (EDT) >> nothing to retweet for search query: "pan african teacher"
Sat Jul 14 2018 12:05:21 GMT-0400 (EDT) >> nothing to retweet for search query: "babylonian shamans"
Sat Jul 14 2018 12:05:29 GMT-0400 (EDT) >> nothing to retweet for search query: "rastafarian thinker"
Sat Jul 14 2018 12:05:37 GMT-0400 (EDT) >> nothing to retweet for search query: "mali shamans"
Sat Jul 14 2018 12:05:45 GMT-0400 (EDT) >> nothing to retweet for search query: "kabbalah gurus"
Sat Jul 14 2018 12:05:52 GMT-0400 (EDT) >> nothing to retweet for search query: "alchemy thinkers"
Sat Jul 14 2018 12:06:00 GMT-0400 (EDT) >> nothing to retweet for search query: "kabbalah shaman"
Sat Jul 14 2018 12:06:08 GMT-0400 (EDT) >> nothing to retweet for search query: "apache priest"
Sat Jul 14 2018 12:06:23 GMT-0400 (EDT) >> nothing to retweet for search query: "arawak philosopher"
Sat Jul 14 2018 12:06:31 GMT-0400 (EDT) >> nothing to retweet for search query: "buddhism philosopher"
Sat Jul 14 2018 12:06:39 GMT-0400 (EDT) >> nothing to retweet for search query: "west indian priest"
Sat Jul 14 2018 12:06:55 GMT-0400 (EDT) >> nothing to retweet for search query: "comanche teaching"
Sat Jul 14 2018 12:07:02 GMT-0400 (EDT) >> nothing to retweet for search query: "rastafarian wisdom"
Sat Jul 14 2018 12:07:18 GMT-0400 (EDT) >> nothing to retweet for search query: "hopi theorist"
Sat Jul 14 2018 12:07:41 GMT-0400 (EDT) >> nothing to retweet for search query: "angolan philosophy"
Sat Jul 14 2018 12:07:49 GMT-0400 (EDT) >> nothing to retweet for search query: "kung fu theory"
Sat Jul 14 2018 12:08:05 GMT-0400 (EDT) >> nothing to retweet for search query: "GOD shamans"
Sat Jul 14 2018 12:08:12 GMT-0400 (EDT) >> nothing to retweet for search query: "afro-centric priests"
Sat Jul 14 2018 12:08:20 GMT-0400 (EDT) >> nothing to retweet for search query: "karate teachings"
Sat Jul 14 2018 12:08:28 GMT-0400 (EDT) >> nothing to retweet for search query: "sumerian facts"
Sat Jul 14 2018 12:08:36 GMT-0400 (EDT) >> nothing to retweet for search query: "jamaican monks"
Sat Jul 14 2018 12:08:44 GMT-0400 (EDT) >> nothing to retweet for search query: "bushido thinker"
Sat Jul 14 2018 12:08:51 GMT-0400 (EDT) >> nothing to retweet for search query: "comanche theorists"
Sat Jul 14 2018 12:09:07 GMT-0400 (EDT) >> nothing to retweet for search query: "carib theorist"
Sat Jul 14 2018 12:09:15 GMT-0400 (EDT) >> nothing to retweet for search query: "rastafarian scientists"
Sat Jul 14 2018 12:09:23 GMT-0400 (EDT) >> nothing to retweet for search query: "kabbalah monk"
Sat Jul 14 2018 12:09:30 GMT-0400 (EDT) >> nothing to retweet for search query: "yoruba beliefs"
Sat Jul 14 2018 12:09:38 GMT-0400 (EDT) >> nothing to retweet for search query: "kung fu wisdom literature"
Sat Jul 14 2018 12:09:46 GMT-0400 (EDT) >> nothing to retweet for search query: "indegenous proverbs"
Sat Jul 14 2018 12:09:54 GMT-0400 (EDT) >> nothing to retweet for search query: "kung fu philosopher"
Sat Jul 14 2018 12:10:01 GMT-0400 (EDT) >> nothing to retweet for search query: "tao theorist"
Sat Jul 14 2018 12:10:09 GMT-0400 (EDT) >> nothing to retweet for search query: "ghanian belief"
Sat Jul 14 2018 12:10:17 GMT-0400 (EDT) >> nothing to retweet for search query: "comanche wisdom literature"
Sat Jul 14 2018 12:10:25 GMT-0400 (EDT) >> nothing to retweet for search query: "caribbean teaching"
Sat Jul 14 2018 12:10:33 GMT-0400 (EDT) >> nothing to retweet for search query: "cherokee intellectuals"
Sat Jul 14 2018 12:10:40 GMT-0400 (EDT) >> nothing to retweet for search query: "christian gurus"
Sat Jul 14 2018 12:10:49 GMT-0400 (EDT) >> nothing to retweet for search query: "hopi teachers"
Sat Jul 14 2018 12:10:56 GMT-0400 (EDT) >> nothing to retweet for search query: "gnostic monks"
Sat Jul 14 2018 12:11:04 GMT-0400 (EDT) >> nothing to retweet for search query: "kabbahlic monks"
Sat Jul 14 2018 12:11:19 GMT-0400 (EDT) >> nothing to retweet for search query: "comanche shaman"
Sat Jul 14 2018 12:11:27 GMT-0400 (EDT) >> nothing to retweet for search query: "talmud priest"
Sat Jul 14 2018 12:11:50 GMT-0400 (EDT) >> nothing to retweet for search query: "metaphysical thinkers"
Sat Jul 14 2018 12:11:58 GMT-0400 (EDT) >> nothing to retweet for search query: "shaolin scientist"
Sat Jul 14 2018 12:12:06 GMT-0400 (EDT) >> nothing to retweet for search query: "quranic thinkers"
Sat Jul 14 2018 12:12:22 GMT-0400 (EDT) >> nothing to retweet for search query: "sioux thinker"
Sat Jul 14 2018 12:12:29 GMT-0400 (EDT) >> nothing to retweet for search query: "bushido monk"
Sat Jul 14 2018 12:12:37 GMT-0400 (EDT) >> nothing to retweet for search query: "quranic monks"
Sat Jul 14 2018 12:12:45 GMT-0400 (EDT) >> nothing to retweet for search query: "talmud truth"
Sat Jul 14 2018 12:12:53 GMT-0400 (EDT) >> nothing to retweet for search query: "bushido priests"
Sat Jul 14 2018 12:13:00 GMT-0400 (EDT) >> nothing to retweet for search query: "bushido intellectual"
Sat Jul 14 2018 12:13:08 GMT-0400 (EDT) >> nothing to retweet for search query: "african american philosophers"
Sat Jul 14 2018 12:13:16 GMT-0400 (EDT) >> nothing to retweet for search query: "ugandan beliefs"
Sat Jul 14 2018 12:13:24 GMT-0400 (EDT) >> nothing to retweet for search query: "quranic teachers"
Sat Jul 14 2018 12:13:32 GMT-0400 (EDT) >> nothing to retweet for search query: "buddhism intellectuals"
Sat Jul 14 2018 12:13:39 GMT-0400 (EDT) >> nothing to retweet for search query: "zimbabwean truth"
Sat Jul 14 2018 12:13:47 GMT-0400 (EDT) >> nothing to retweet for search query: "pawnee intellectual"
Sat Jul 14 2018 12:13:55 GMT-0400 (EDT) >> nothing to retweet for search query: "biblical philosophers"
Sat Jul 14 2018 12:14:03 GMT-0400 (EDT) >> nothing to retweet for search query: "mali theorist"
Sat Jul 14 2018 12:14:10 GMT-0400 (EDT) >> nothing to retweet for search query: "jamaica philosopher"
Sat Jul 14 2018 12:14:18 GMT-0400 (EDT) >> nothing to retweet for search query: "alchemic proverb"
Sat Jul 14 2018 12:14:26 GMT-0400 (EDT) >> nothing to retweet for search query: "taino truth"
Sat Jul 14 2018 12:14:34 GMT-0400 (EDT) >> nothing to retweet for search query: "gospel philosopher"
Sat Jul 14 2018 12:14:49 GMT-0400 (EDT) >> nothing to retweet for search query: "alchemy thought"
Sat Jul 14 2018 12:15:05 GMT-0400 (EDT) >> nothing to retweet for search query: "confucius gurus"
Sat Jul 14 2018 12:15:13 GMT-0400 (EDT) >> nothing to retweet for search query: "alchemy teaching"
Sat Jul 14 2018 12:15:21 GMT-0400 (EDT) >> nothing to retweet for search query: "hopi thought"
Sat Jul 14 2018 12:15:36 GMT-0400 (EDT) >> nothing to retweet for search query: "hopi thinker"
Sat Jul 14 2018 12:15:44 GMT-0400 (EDT) >> nothing to retweet for search query: "shaolin intellectuals"
Sat Jul 14 2018 12:15:52 GMT-0400 (EDT) >> nothing to retweet for search query: "sumerian monks"
Sat Jul 14 2018 12:15:59 GMT-0400 (EDT) >> nothing to retweet for search query: "kabbalah theorists"
Sat Jul 14 2018 12:16:07 GMT-0400 (EDT) >> nothing to retweet for search query: "taoism beliefs"
Sat Jul 14 2018 12:16:15 GMT-0400 (EDT) >> nothing to retweet for search query: "rastafarian intellectuals"
Sat Jul 14 2018 12:16:23 GMT-0400 (EDT) >> nothing to retweet for search query: "kabbahlic philosophers"
Sat Jul 14 2018 12:16:31 GMT-0400 (EDT) >> nothing to retweet for search query: "mali philosopher"
Sat Jul 14 2018 12:16:46 GMT-0400 (EDT) >> nothing to retweet for search query: "nubian wisdom"
Sat Jul 14 2018 12:16:54 GMT-0400 (EDT) >> nothing to retweet for search query: "indegenous scientist"
Sat Jul 14 2018 12:17:02 GMT-0400 (EDT) >> nothing to retweet for search query: "tao philosophers"
Sat Jul 14 2018 12:17:10 GMT-0400 (EDT) >> nothing to retweet for search query: "quranic theorist"
Sat Jul 14 2018 12:17:17 GMT-0400 (EDT) >> nothing to retweet for search query: "samurai proverbs"
Sat Jul 14 2018 12:17:33 GMT-0400 (EDT) >> nothing to retweet for search query: "sierra leonean facts"
Sat Jul 14 2018 12:17:41 GMT-0400 (EDT) >> nothing to retweet for search query: "alchemic belief"
Sat Jul 14 2018 12:17:49 GMT-0400 (EDT) >> nothing to retweet for search query: "metaphysical intellectuals"
Sat Jul 14 2018 12:18:04 GMT-0400 (EDT) >> nothing to retweet for search query: "kung fu theorists"
Sat Jul 14 2018 12:18:20 GMT-0400 (EDT) >> nothing to retweet for search query: "buddhism guru"
Sat Jul 14 2018 12:18:35 GMT-0400 (EDT) >> nothing to retweet for search query: "buddhist intellectuals"
Sat Jul 14 2018 12:18:43 GMT-0400 (EDT) >> nothing to retweet for search query: "pan african truth"
Sat Jul 14 2018 12:18:51 GMT-0400 (EDT) >> nothing to retweet for search query: "ghanian wisdom literature"
Sat Jul 14 2018 12:19:06 GMT-0400 (EDT) >> nothing to retweet for search query: "taoism guru"
Sat Jul 14 2018 12:19:30 GMT-0400 (EDT) >> nothing to retweet for search query: "bushido belief"
Sat Jul 14 2018 12:19:37 GMT-0400 (EDT) >> nothing to retweet for search query: "alchemic guru"
Sat Jul 14 2018 12:19:45 GMT-0400 (EDT) >> nothing to retweet for search query: "babylonian monk"
Sat Jul 14 2018 12:19:53 GMT-0400 (EDT) >> nothing to retweet for search query: "pan africanist intellectuals"
Sat Jul 14 2018 12:20:01 GMT-0400 (EDT) >> nothing to retweet for search query: "karate theorist"
Sat Jul 14 2018 12:20:09 GMT-0400 (EDT) >> nothing to retweet for search query: "kung fu intellectuals"
Sat Jul 14 2018 12:20:16 GMT-0400 (EDT) >> nothing to retweet for search query: "talmud theorists"
Sat Jul 14 2018 12:20:24 GMT-0400 (EDT) >> nothing to retweet for search query: "sierra leonean monks"
Sat Jul 14 2018 12:20:32 GMT-0400 (EDT) >> nothing to retweet for search query: "sumerian guru"
Sat Jul 14 2018 12:20:40 GMT-0400 (EDT) >> nothing to retweet for search query: "pawnee theorists"
Sat Jul 14 2018 12:20:47 GMT-0400 (EDT) >> nothing to retweet for search query: "arawak intellectual"
Sat Jul 14 2018 12:20:55 GMT-0400 (EDT) >> nothing to retweet for search query: "native american thinker"
Sat Jul 14 2018 12:21:19 GMT-0400 (EDT) >> nothing to retweet for search query: "taoism teachings"
Sat Jul 14 2018 12:21:42 GMT-0400 (EDT) >> nothing to retweet for search query: "tao monks"
Sat Jul 14 2018 12:21:50 GMT-0400 (EDT) >> nothing to retweet for search query: "south african proverbs"
Sat Jul 14 2018 12:21:58 GMT-0400 (EDT) >> nothing to retweet for search query: "kenyan wisdom"
Sat Jul 14 2018 12:22:05 GMT-0400 (EDT) >> nothing to retweet for search query: "Jesus monk"
Sat Jul 14 2018 12:22:13 GMT-0400 (EDT) >> nothing to retweet for search query: "quran theorists"
Tue Jul 17 2018 17:02:52 GMT-0400 (EDT) >> nothing to retweet for search query: "chickasaw monk"
Tue Jul 17 2018 17:03:00 GMT-0400 (EDT) >> nothing to retweet for search query: "hopi shamans"
Tue Jul 17 2018 17:03:07 GMT-0400 (EDT) >> nothing to retweet for search query: "shinnecock wisdom literature"
Tue Jul 17 2018 17:03:15 GMT-0400 (EDT) >> nothing to retweet for search query: "jamaica gurus"
Tue Jul 17 2018 17:03:23 GMT-0400 (EDT) >> nothing to retweet for search query: "alchemic theorist"
Tue Jul 17 2018 17:03:31 GMT-0400 (EDT) >> nothing to retweet for search query: "confucius intellectual"
Tue Jul 17 2018 17:03:38 GMT-0400 (EDT) >> nothing to retweet for search query: "taoism theorist"
Tue Jul 17 2018 17:03:46 GMT-0400 (EDT) >> nothing to retweet for search query: "apache intellectuals"
Tue Jul 17 2018 17:03:54 GMT-0400 (EDT) >> nothing to retweet for search query: "sioux teachers"
Tue Jul 17 2018 17:04:10 GMT-0400 (EDT) >> nothing to retweet for search query: "carib proverb"
Tue Jul 17 2018 17:04:17 GMT-0400 (EDT) >> nothing to retweet for search query: "comanche proverbs"
Tue Jul 17 2018 17:04:25 GMT-0400 (EDT) >> nothing to retweet for search query: "arawak theory"
Tue Jul 17 2018 17:04:33 GMT-0400 (EDT) >> nothing to retweet for search query: "pohatan science"
Tue Jul 17 2018 17:04:49 GMT-0400 (EDT) >> nothing to retweet for search query: "nigerian belief"
Tue Jul 17 2018 17:04:56 GMT-0400 (EDT) >> nothing to retweet for search query: "african theorists"
Tue Jul 17 2018 17:05:04 GMT-0400 (EDT) >> nothing to retweet for search query: "cameroon teachings"
Tue Jul 17 2018 17:05:12 GMT-0400 (EDT) >> nothing to retweet for search query: "quranic proverb"
Tue Jul 17 2018 17:05:20 GMT-0400 (EDT) >> nothing to retweet for search query: "bushido monk"
Tue Jul 17 2018 17:05:28 GMT-0400 (EDT) >> nothing to retweet for search query: "arawak science"
Tue Jul 17 2018 17:05:35 GMT-0400 (EDT) >> nothing to retweet for search query: "sioux scientists"
Tue Jul 17 2018 17:05:43 GMT-0400 (EDT) >> nothing to retweet for search query: "zimbabwean intellectuals"
Tue Jul 17 2018 17:05:51 GMT-0400 (EDT) >> nothing to retweet for search query: "chickasaw teacher"
Tue Jul 17 2018 17:06:06 GMT-0400 (EDT) >> nothing to retweet for search query: "zimbabwean philosopher"
Tue Jul 17 2018 17:06:14 GMT-0400 (EDT) >> nothing to retweet for search query: "jamaica teaching"
Tue Jul 17 2018 17:06:45 GMT-0400 (EDT) >> nothing to retweet for search query: "afro-centric belief"
Tue Jul 17 2018 17:07:01 GMT-0400 (EDT) >> nothing to retweet for search query: "moorish intellectuals"
Tue Jul 17 2018 17:07:09 GMT-0400 (EDT) >> nothing to retweet for search query: "confucius monks"
Tue Jul 17 2018 17:07:16 GMT-0400 (EDT) >> nothing to retweet for search query: "shawnee intellectual"
Tue Jul 17 2018 17:07:24 GMT-0400 (EDT) >> nothing to retweet for search query: "kabbalah theory"
Tue Jul 17 2018 17:07:32 GMT-0400 (EDT) >> nothing to retweet for search query: "karate priest"
Tue Jul 17 2018 17:07:48 GMT-0400 (EDT) >> nothing to retweet for search query: "taoism belief"
Tue Jul 17 2018 17:07:55 GMT-0400 (EDT) >> nothing to retweet for search query: "south african shamans"
Tue Jul 17 2018 17:08:03 GMT-0400 (EDT) >> nothing to retweet for search query: "sierra leonean theory"
Tue Jul 17 2018 17:08:11 GMT-0400 (EDT) >> nothing to retweet for search query: "buddhism thinker"
Tue Jul 17 2018 17:08:27 GMT-0400 (EDT) >> nothing to retweet for search query: "pan african thinker"
Tue Jul 17 2018 17:08:34 GMT-0400 (EDT) >> nothing to retweet for search query: "shaolin theorist"
Tue Jul 17 2018 17:08:42 GMT-0400 (EDT) >> nothing to retweet for search query: "islam proverbs"
Tue Jul 17 2018 17:08:50 GMT-0400 (EDT) >> nothing to retweet for search query: "carib monk"
Tue Jul 17 2018 17:08:58 GMT-0400 (EDT) >> nothing to retweet for search query: "west indian shamans"
Tue Jul 17 2018 17:09:06 GMT-0400 (EDT) >> nothing to retweet for search query: "metaphysical priest"
Tue Jul 17 2018 17:09:13 GMT-0400 (EDT) >> nothing to retweet for search query: "native american theorist"
Tue Jul 17 2018 17:09:21 GMT-0400 (EDT) >> nothing to retweet for search query: "yoruba theorist"
Tue Jul 17 2018 17:09:29 GMT-0400 (EDT) >> nothing to retweet for search query: "ghanian teacher"
Tue Jul 17 2018 17:09:37 GMT-0400 (EDT) >> nothing to retweet for search query: "chickasaw teachers"
Tue Jul 17 2018 17:09:44 GMT-0400 (EDT) >> nothing to retweet for search query: "japanese wisdom literature"
Tue Jul 17 2018 17:09:52 GMT-0400 (EDT) >> nothing to retweet for search query: "biblical thinker"
Tue Jul 17 2018 17:10:00 GMT-0400 (EDT) >> nothing to retweet for search query: "afro-centric beliefs"
Tue Jul 17 2018 17:10:08 GMT-0400 (EDT) >> nothing to retweet for search query: "shinnecock guru"
Tue Jul 17 2018 17:10:16 GMT-0400 (EDT) >> nothing to retweet for search query: "hopi theorists"
Tue Jul 17 2018 17:10:23 GMT-0400 (EDT) >> nothing to retweet for search query: "karate thinkers"
Tue Jul 17 2018 17:10:31 GMT-0400 (EDT) >> nothing to retweet for search query: "confucius priests"
Tue Jul 17 2018 17:10:39 GMT-0400 (EDT) >> nothing to retweet for search query: "babylonian theory"
Tue Jul 17 2018 17:10:47 GMT-0400 (EDT) >> nothing to retweet for search query: "ghanian priest"
Tue Jul 17 2018 17:10:54 GMT-0400 (EDT) >> nothing to retweet for search query: "prohet muhammad truth"
Tue Jul 17 2018 17:11:02 GMT-0400 (EDT) >> nothing to retweet for search query: "cherokee fact"
Tue Jul 17 2018 17:11:33 GMT-0400 (EDT) >> nothing to retweet for search query: "biblical monk"
Tue Jul 17 2018 17:11:41 GMT-0400 (EDT) >> nothing to retweet for search query: "voodou philosophy"
Tue Jul 17 2018 17:11:49 GMT-0400 (EDT) >> nothing to retweet for search query: "talmud wisdom literature"
Tue Jul 17 2018 17:11:57 GMT-0400 (EDT) >> nothing to retweet for search query: "ugandan shamans"
Tue Jul 17 2018 17:12:12 GMT-0400 (EDT) >> nothing to retweet for search query: "mali priests"
Tue Jul 17 2018 17:12:20 GMT-0400 (EDT) >> nothing to retweet for search query: "pan africanist facts"
Tue Jul 17 2018 17:12:28 GMT-0400 (EDT) >> nothing to retweet for search query: "shinnecock science"
Tue Jul 17 2018 17:12:43 GMT-0400 (EDT) >> nothing to retweet for search query: "karate scientist"
Fri Jul 20 2018 18:12:05 GMT-0400 (EDT) >> nothing to retweet for search query: "gospel belief"
Fri Jul 20 2018 18:12:13 GMT-0400 (EDT) >> nothing to retweet for search query: "moorish beliefs"
Fri Jul 20 2018 18:12:44 GMT-0400 (EDT) >> nothing to retweet for search query: "yoruba science"
Fri Jul 20 2018 18:12:45 GMT-0400 (EDT) >> nothing to retweet for search query: "alchemic theory"
Fri Jul 20 2018 18:12:46 GMT-0400 (EDT) >> nothing to retweet for search query: "west indian shaman"
Fri Jul 20 2018 18:12:46 GMT-0400 (EDT) >> nothing to retweet for search query: "south african philosopher"
Fri Jul 20 2018 18:12:47 GMT-0400 (EDT) >> nothing to retweet for search query: "afro-centric monk"
Fri Jul 20 2018 18:12:48 GMT-0400 (EDT) >> nothing to retweet for search query: "hopi monk"
Fri Jul 20 2018 18:12:49 GMT-0400 (EDT) >> nothing to retweet for search query: "hinduism intellectuals"
Fri Jul 20 2018 18:12:50 GMT-0400 (EDT) >> nothing to retweet for search query: "bible wisdom literature"
Fri Jul 20 2018 18:12:51 GMT-0400 (EDT) >> nothing to retweet for search query: "indegenous scientists"
Fri Jul 20 2018 18:12:53 GMT-0400 (EDT) >> nothing to retweet for search query: "sierra leonean thought"
Fri Jul 20 2018 18:12:54 GMT-0400 (EDT) >> nothing to retweet for search query: "cherokee science"
Fri Jul 20 2018 18:12:55 GMT-0400 (EDT) >> nothing to retweet for search query: "native american facts"
Fri Jul 20 2018 18:12:56 GMT-0400 (EDT) >> nothing to retweet for search query: "buddhist gurus"
Fri Jul 20 2018 18:12:58 GMT-0400 (EDT) >> nothing to retweet for search query: "nubian priest"
Fri Jul 20 2018 18:12:59 GMT-0400 (EDT) >> nothing to retweet for search query: "hopi theorists"
Fri Jul 20 2018 18:12:59 GMT-0400 (EDT) >> nothing to retweet for search query: "yoruba scientist"
Fri Jul 20 2018 18:13:00 GMT-0400 (EDT) >> nothing to retweet for search query: "babylonian monk"
Fri Jul 20 2018 18:13:01 GMT-0400 (EDT) >> nothing to retweet for search query: "quantum gurus"
Fri Jul 20 2018 18:13:02 GMT-0400 (EDT) >> nothing to retweet for search query: "kabbahlic intellectual"
Fri Jul 20 2018 18:13:03 GMT-0400 (EDT) >> nothing to retweet for search query: "voodou shaman"
Fri Jul 20 2018 18:13:03 GMT-0400 (EDT) >> nothing to retweet for search query: "ancient theorists"
Fri Jul 20 2018 18:13:04 GMT-0400 (EDT) >> nothing to retweet for search query: "kung fu theorists"
Fri Jul 20 2018 18:13:05 GMT-0400 (EDT) >> nothing to retweet for search query: "afrocentric scientist"
Fri Jul 20 2018 18:13:08 GMT-0400 (EDT) >> nothing to retweet for search query: "west indian intellectuals"
Fri Jul 20 2018 18:13:10 GMT-0400 (EDT) >> nothing to retweet for search query: "kabbalah teaching"
Fri Jul 20 2018 18:13:10 GMT-0400 (EDT) >> nothing to retweet for search query: "kung fu shamans"
Fri Jul 20 2018 18:13:12 GMT-0400 (EDT) >> nothing to retweet for search query: "bushido wisdom"
Fri Jul 20 2018 18:13:13 GMT-0400 (EDT) >> nothing to retweet for search query: "angolan proverb"
Fri Jul 20 2018 18:13:13 GMT-0400 (EDT) >> nothing to retweet for search query: "taoism teaching"
Fri Jul 20 2018 18:13:14 GMT-0400 (EDT) >> nothing to retweet for search query: "zimbabwean theorist"
Fri Jul 20 2018 18:13:17 GMT-0400 (EDT) >> nothing to retweet for search query: "african theorists"
Fri Jul 20 2018 18:13:18 GMT-0400 (EDT) >> nothing to retweet for search query: "tao philosopher"
Fri Jul 20 2018 18:13:19 GMT-0400 (EDT) >> nothing to retweet for search query: "shaolin philosophers"
Fri Jul 20 2018 18:13:20 GMT-0400 (EDT) >> nothing to retweet for search query: "carib thinker"
Fri Jul 20 2018 18:13:20 GMT-0400 (EDT) >> nothing to retweet for search query: "pawnee philosophy"
Fri Jul 20 2018 18:13:22 GMT-0400 (EDT) >> nothing to retweet for search query: "jamaican philosophy"
Fri Jul 20 2018 18:13:24 GMT-0400 (EDT) >> nothing to retweet for search query: "malian monks"
Fri Jul 20 2018 18:13:24 GMT-0400 (EDT) >> nothing to retweet for search query: "kabbahlic proverb"
Fri Jul 20 2018 18:13:25 GMT-0400 (EDT) >> nothing to retweet for search query: "moorish guru"
Fri Jul 20 2018 18:13:26 GMT-0400 (EDT) >> nothing to retweet for search query: "angolan truth"
Fri Jul 20 2018 18:13:27 GMT-0400 (EDT) >> nothing to retweet for search query: "jamaica priest"
Fri Jul 20 2018 18:13:27 GMT-0400 (EDT) >> nothing to retweet for search query: "quran philosopher"
Fri Jul 20 2018 18:13:29 GMT-0400 (EDT) >> nothing to retweet for search query: "babylonian belief"
Fri Jul 20 2018 18:13:29 GMT-0400 (EDT) >> nothing to retweet for search query: "jamaican priests"
Fri Jul 20 2018 18:13:30 GMT-0400 (EDT) >> nothing to retweet for search query: "comanche intellectual"
Fri Jul 20 2018 18:13:31 GMT-0400 (EDT) >> nothing to retweet for search query: "south african beliefs"
Fri Jul 20 2018 18:13:31 GMT-0400 (EDT) >> nothing to retweet for search query: "babylonian fact"
Fri Jul 20 2018 18:13:32 GMT-0400 (EDT) >> nothing to retweet for search query: "alchemy thinker"
Fri Jul 20 2018 18:13:33 GMT-0400 (EDT) >> nothing to retweet for search query: "yoruba wisdom literature"
Fri Jul 20 2018 18:13:34 GMT-0400 (EDT) >> nothing to retweet for search query: "kemetic thinker"
Fri Jul 20 2018 18:13:37 GMT-0400 (EDT) >> nothing to retweet for search query: "bible gurus"
Fri Jul 20 2018 18:13:38 GMT-0400 (EDT) >> nothing to retweet for search query: "nubian wisdom literature"
Fri Jul 20 2018 18:13:40 GMT-0400 (EDT) >> nothing to retweet for search query: "native american truth"
Fri Jul 20 2018 18:13:41 GMT-0400 (EDT) >> nothing to retweet for search query: "yoruban theorist"
Fri Jul 20 2018 18:13:41 GMT-0400 (EDT) >> nothing to retweet for search query: "biblical priest"
Fri Jul 20 2018 18:13:42 GMT-0400 (EDT) >> nothing to retweet for search query: "martial arts theorist"
Fri Jul 20 2018 18:13:43 GMT-0400 (EDT) >> nothing to retweet for search query: "cameroon science"
Fri Jul 20 2018 18:27:28 GMT-0400 (EDT) >> nothing to retweet for search query: "yoruban science"
Fri Jul 20 2018 18:27:29 GMT-0400 (EDT) >> nothing to retweet for search query: "indegenous intellectual"
Fri Jul 20 2018 18:27:31 GMT-0400 (EDT) >> nothing to retweet for search query: "talmud teaching"
Fri Jul 20 2018 18:27:32 GMT-0400 (EDT) >> nothing to retweet for search query: "jamaican teaching"
Fri Jul 20 2018 18:29:30 GMT-0400 (EDT) >> nothing to retweet for search query: "samurai teachings"
Fri Jul 20 2018 18:29:31 GMT-0400 (EDT) >> nothing to retweet for search query: "babylonian theory"
Fri Jul 20 2018 18:29:32 GMT-0400 (EDT) >> nothing to retweet for search query: "karate science"
Fri Jul 20 2018 18:29:32 GMT-0400 (EDT) >> nothing to retweet for search query: "carib thought"
Fri Jul 20 2018 18:29:34 GMT-0400 (EDT) >> nothing to retweet for search query: "kenyan monks"
Fri Jul 20 2018 18:29:34 GMT-0400 (EDT) >> nothing to retweet for search query: "quantum theorists"
Fri Jul 20 2018 18:29:35 GMT-0400 (EDT) >> nothing to retweet for search query: "martial arts thought"
Fri Jul 20 2018 18:29:41 GMT-0400 (EDT) >> nothing to retweet for search query: "black teachings"
Fri Jul 20 2018 18:29:41 GMT-0400 (EDT) >> nothing to retweet for search query: "comanche gurus"
Fri Jul 20 2018 18:29:42 GMT-0400 (EDT) >> nothing to retweet for search query: "talmud philosophy"
Fri Jul 20 2018 18:29:44 GMT-0400 (EDT) >> nothing to retweet for search query: "nubian monk"
Fri Jul 20 2018 18:29:45 GMT-0400 (EDT) >> nothing to retweet for search query: "sierra leonean teachers"
Fri Jul 20 2018 18:33:13 GMT-0400 (EDT) >> nothing to retweet for search query: "indegenous gurus"
Fri Jul 20 2018 18:33:15 GMT-0400 (EDT) >> nothing to retweet for search query: "gospel scientist"
Fri Jul 20 2018 18:33:16 GMT-0400 (EDT) >> nothing to retweet for search query: "malian monks"
Fri Jul 20 2018 18:33:17 GMT-0400 (EDT) >> nothing to retweet for search query: "pan african wisdom literature"
Fri Jul 20 2018 19:17:18 GMT-0400 (EDT) >> nothing to retweet for search query: "prohet muhammad teaching"
Fri Jul 20 2018 19:17:19 GMT-0400 (EDT) >> nothing to retweet for search query: "shinnecock gurus"
Fri Jul 20 2018 19:17:20 GMT-0400 (EDT) >> nothing to retweet for search query: "Jesus gurus"
Fri Jul 20 2018 19:17:21 GMT-0400 (EDT) >> nothing to retweet for search query: "rastafarian thinker"
Fri Jul 20 2018 19:17:21 GMT-0400 (EDT) >> nothing to retweet for search query: "taoist beliefs"
Fri Jul 20 2018 19:22:19 GMT-0400 (EDT) >> nothing to retweet for search query: "tao shamans"
Fri Jul 20 2018 19:22:20 GMT-0400 (EDT) >> nothing to retweet for search query: "alchemic teachers"
Fri Jul 20 2018 20:22:58 GMT-0400 (EDT) >> nothing to retweet for search query: "indegenous wisdom literature"
Fri Jul 20 2018 20:22:59 GMT-0400 (EDT) >> nothing to retweet for search query: "taoism proverb"
Fri Jul 20 2018 20:22:59 GMT-0400 (EDT) >> nothing to retweet for search query: "pawnee philosophers"
Fri Jul 20 2018 20:23:00 GMT-0400 (EDT) >> nothing to retweet for search query: "karate scientists"
